10/13/2015 5:54:06 AM	This log contains information about the import schema operation into project 'OSMDB' on computer 'BART' by user 'bart'.
10/13/2015 5:54:06 AM	Import of database schema has started.
10/13/2015 5:54:13 AM	Gathering database options
10/13/2015 5:54:13 AM	Gathering users
10/13/2015 5:54:13 AM	Gathering roles
10/13/2015 5:54:13 AM	Gathering application roles
10/13/2015 5:54:13 AM	Gathering role memberships
10/13/2015 5:54:13 AM	Gathering filegroups
10/13/2015 5:54:13 AM	Gathering full-text catalogs
10/13/2015 5:54:13 AM	Gathering assemblies
10/13/2015 5:54:13 AM	Gathering certificates
10/13/2015 5:54:13 AM	Gathering asymmetric keys
10/13/2015 5:54:13 AM	Gathering symmetric keys
10/13/2015 5:54:13 AM	Gathering encrypted symmetric keys
10/13/2015 5:54:13 AM	Gathering schemas
10/13/2015 5:54:13 AM	Gathering XML schema collections
10/13/2015 5:54:13 AM	Gathering user-defined data types
10/13/2015 5:54:13 AM	Gathering user-defined types
10/13/2015 5:54:13 AM	Gathering table types
10/13/2015 5:54:13 AM	Gathering unique keys for table types
10/13/2015 5:54:13 AM	Gathering primary keys for table types
10/13/2015 5:54:13 AM	Gathering check constraints for table types
10/13/2015 5:54:13 AM	Gathering default constraints for table types
10/13/2015 5:54:13 AM	Gathering partition functions
10/13/2015 5:54:13 AM	Gathering partition schemes
10/13/2015 5:54:13 AM	Gathering functions
10/13/2015 5:54:13 AM	Gathering encrypted functions
10/13/2015 5:54:13 AM	Gathering aggregates
10/13/2015 5:54:13 AM	Gathering procedures
10/13/2015 5:54:13 AM	Gathering encrypted procedures
10/13/2015 5:54:13 AM	Gathering tables
10/13/2015 5:54:13 AM	Gathering primary keys
10/13/2015 5:54:13 AM	Gathering unique constraints
10/13/2015 5:54:13 AM	Gathering foreign keys
10/13/2015 5:54:13 AM	Gathering default constraints
10/13/2015 5:54:13 AM	Gathering check constraints
10/13/2015 5:54:13 AM	Gathering views
10/13/2015 5:54:13 AM	Gathering encrypted views
10/13/2015 5:54:13 AM	Gathering indexes
10/13/2015 5:54:13 AM	Gathering statistics
10/13/2015 5:54:13 AM	Gathering full-text index stoplists
10/13/2015 5:54:13 AM	Gathering search property lists
10/13/2015 5:54:13 AM	Gathering search properties
10/13/2015 5:54:13 AM	Gathering full-text indexes
10/13/2015 5:54:13 AM	Gathering column store indexes
10/13/2015 5:54:13 AM	Gathering spatial indexes
10/13/2015 5:54:13 AM	Gathering XML indexes
10/13/2015 5:54:13 AM	Gathering Selective XML indexes
10/13/2015 5:54:13 AM	Gathering encrypted triggers
10/13/2015 5:54:13 AM	Gathering triggers
10/13/2015 5:54:13 AM	Gathering encrypted and clr ddl triggers
10/13/2015 5:54:13 AM	Gathering ddl triggers
10/13/2015 5:54:13 AM	Gathering synonyms
10/13/2015 5:54:13 AM	Gathering defaults
10/13/2015 5:54:13 AM	Gathering data constraint uddt bindings
10/13/2015 5:54:13 AM	Gathering rules
10/13/2015 5:54:13 AM	Gathering data constraint uddt bindings
10/13/2015 5:54:13 AM	Gathering message types
10/13/2015 5:54:13 AM	Gathering queues
10/13/2015 5:54:13 AM	Gathering contracts
10/13/2015 5:54:13 AM	Gathering services
10/13/2015 5:54:13 AM	Gathering event notifications
10/13/2015 5:54:13 AM	Gathering remote service bindings
10/13/2015 5:54:13 AM	Gathering broker priorities
10/13/2015 5:54:13 AM	Gathering signatures
10/13/2015 5:54:13 AM	Gathering data compression options
10/13/2015 5:54:13 AM	Gathering sequence types
10/13/2015 5:54:13 AM	Gathering extended properties
10/13/2015 5:54:13 AM	Gathering credentials
10/13/2015 5:54:13 AM	Gathering logins
10/13/2015 5:54:13 AM	Gathering server audits
10/13/2015 5:54:13 AM	Scanning project for duplicate elements
10/13/2015 5:54:15 AM	Finished duplicate element processing
10/13/2015 5:54:15 AM	Finished importing database.
10/13/2015 5:54:15 AM	A summary of the import was saved to the following location: C:\Users\bart\Documents\Visual Studio 2013\Projects\Ronin\OSMDB\Import Schema Logs\OSMDB_20151013035406.log
10/13/2015 5:54:15 AM	Click Finish to continue...
